<?xml version="1.0" encoding="UTF-8"?>
<!-- Generated by org.testng.reporters.JUnitXMLReporter -->
<testsuite hostname="DESKTOP-1BDQC6B" ignored="0" name="Find Car Test" tests="4" failures="0" timestamp="23 Jun 2020 15:07:13 GMT" time="13.536" errors="0">
  <testcase name="findCarTest" time="12.774" classname="testcases.FindCarTest"/>
  <testcase name="findCarTest" time="0.001" classname="testcases.FindCarTest">
    <skipped/>
  </testcase> <!-- findCarTest -->
  <testcase name="findCarTest" time="0.0" classname="testcases.FindCarTest">
    <skipped/>
  </testcase> <!-- findCarTest -->
  <testcase name="findCarTest" time="0.001" classname="testcases.FindCarTest">
    <skipped/>
  </testcase> <!-- findCarTest -->
</testsuite> <!-- Find Car Test -->
